# JRE version: OpenJDK Runtime Environment (8.0_202-b03) (build 1.8.0_202-release-1483-b03)
# Java VM: OpenJDK 64-Bit Server VM (25.202-b03 mixed mode windows-amd64 compressed oops)
Heap:
 PSYoungGen      total 173568K, used 151262K [0x00000000e0000000, 0x00000000ebe80000, 0x0000000100000000)
  eden space 167424K, 88% used [0x00000000e0000000,0x00000000e9177ac8,0x00000000ea380000)
  from space 6144K, 37% used [0x00000000eb880000,0x00000000ebac0000,0x00000000ebe80000)
  to   space 13824K, 0% used [0x00000000ea380000,0x00000000ea380000,0x00000000eb100000)
 ParOldGen       total 99328K, used 66629K [0x00000000a0000000, 0x00000000a6100000, 0x00000000e0000000)
  object space 99328K, 67% used [0x00000000a0000000,0x00000000a4111408,0x00000000a6100000)
 Metaspace       used 77283K, capacity 82102K, committed 82304K, reserved 1120256K
  class space    used 10162K, capacity 11031K, committed 11136K, reserved 1048576K
GC Heap History (10 events):
Event: 210.837 GC heap before
{Heap before GC invocations=25 (full 3):
 PSYoungGen      total 138752K, used 133984K [0x00000000e0000000, 0x00000000eb200000, 0x0000000100000000)
  eden space 124928K, 100% used [0x00000000e0000000,0x00000000e7a00000,0x00000000e7a00000)
  from space 13824K, 65% used [0x00000000e7a00000,0x00000000e82d8040,0x00000000e8780000)
  to   space 13824K, 0% used [0x00000000ea480000,0x00000000ea480000,0x00000000eb200000)
 ParOldGen       total 99328K, used 52872K [0x00000000a0000000, 0x00000000a6100000, 0x00000000e0000000)
  object space 99328K, 53% used [0x00000000a0000000,0x00000000a33a2300,0x00000000a6100000)
 Metaspace       used 71491K, capacity 74540K, committed 74624K, reserved 1114112K
  class space    used 9432K, capacity 10067K, committed 10112K, reserved 1048576K
Event: 210.861 GC heap after
Heap after GC invocations=25 (full 3):
 PSYoungGen      total 166400K, used 3467K [0x00000000e0000000, 0x00000000eb100000, 0x0000000100000000)
  eden space 153600K, 0% used [0x00000000e0000000,0x00000000e0000000,0x00000000e9600000)
  from space 12800K, 27% used [0x00000000ea480000,0x00000000ea7e2ce0,0x00000000eb100000)
  to   space 13824K, 0% used [0x00000000e9600000,0x00000000e9600000,0x00000000ea380000)
 ParOldGen       total 99328K, used 61264K [0x00000000a0000000, 0x00000000a6100000, 0x00000000e0000000)
  object space 99328K, 61% used [0x00000000a0000000,0x00000000a3bd4328,0x00000000a6100000)
 Metaspace       used 71491K, capacity 74540K, committed 74624K, reserved 1114112K
  class space    used 9432K, capacity 10067K, committed 10112K, reserved 1048576K
}
Event: 531.322 GC heap before
{Heap before GC invocations=26 (full 3):
 PSYoungGen      total 166400K, used 157067K [0x00000000e0000000, 0x00000000eb100000, 0x0000000100000000)
  eden space 153600K, 100% used [0x00000000e0000000,0x00000000e9600000,0x00000000e9600000)
  from space 12800K, 27% used [0x00000000ea480000,0x00000000ea7e2ce0,0x00000000eb100000)
  to   space 13824K, 0% used [0x00000000e9600000,0x00000000e9600000,0x00000000ea380000)
 ParOldGen       total 99328K, used 61264K [0x00000000a0000000, 0x00000000a6100000, 0x00000000e0000000)
  object space 99328K, 61% used [0x00000000a0000000,0x00000000a3bd4328,0x00000000a6100000)
 Metaspace       used 74941K, capacity 78694K, committed 78848K, reserved 1118208K
  class space    used 9937K, capacity 10661K, committed 10752K, reserved 1048576K
Event: 531.351 GC heap after
Heap after GC invocations=26 (full 3):
 PSYoungGen      total 167424K, used 9662K [0x00000000e0000000, 0x00000000ecf80000, 0x0000000100000000)
  eden space 153600K, 0% used [0x00000000e0000000,0x00000000e0000000,0x00000000e9600000)
  from space 13824K, 69% used [0x00000000e9600000,0x00000000e9f6f9d0,0x00000000ea380000)
  to   space 14336K, 0% used [0x00000000ec180000,0x00000000ec180000,0x00000000ecf80000)
 ParOldGen       total 99328K, used 63952K [0x00000000a0000000, 0x00000000a6100000, 0x00000000e0000000)
  object space 99328K, 64% used [0x00000000a0000000,0x00000000a3e74368,0x00000000a6100000)
 Metaspace       used 74941K, capacity 78694K, committed 78848K, reserved 1118208K
  class space    used 9937K, capacity 10661K, committed 10752K, reserved 1048576K
}
Event: 543.189 GC heap before
{Heap before GC invocations=27 (full 3):
 PSYoungGen      total 167424K, used 163262K [0x00000000e0000000, 0x00000000ecf80000, 0x0000000100000000)
  eden space 153600K, 100% used [0x00000000e0000000,0x00000000e9600000,0x00000000e9600000)
  from space 13824K, 69% used [0x00000000e9600000,0x00000000e9f6f9d0,0x00000000ea380000)
  to   space 14336K, 0% used [0x00000000ec180000,0x00000000ec180000,0x00000000ecf80000)
 ParOldGen       total 99328K, used 63952K [0x00000000a0000000, 0x00000000a6100000, 0x00000000e0000000)
  object space 99328K, 64% used [0x00000000a0000000,0x00000000a3e74368,0x00000000a6100000)
 Metaspace       used 75328K, capacity 79120K, committed 79360K, reserved 1118208K
  class space    used 9953K, capacity 10688K, committed 10752K, reserved 1048576K
Event: 543.216 GC heap after
Heap after GC invocations=27 (full 3):
 PSYoungGen      total 190976K, used 6384K [0x00000000e0000000, 0x00000000ecb80000, 0x0000000100000000)
  eden space 180736K, 0% used [0x00000000e0000000,0x00000000e0000000,0x00000000eb080000)
  from space 10240K, 62% used [0x00000000ec180000,0x00000000ec7bc010,0x00000000ecb80000)
  to   space 13824K, 0% used [0x00000000eb080000,0x00000000eb080000,0x00000000ebe00000)
 ParOldGen       total 99328K, used 66613K [0x00000000a0000000, 0x00000000a6100000, 0x00000000e0000000)
  object space 99328K, 67% used [0x00000000a0000000,0x00000000a410d408,0x00000000a6100000)
 Metaspace       used 75328K, capacity 79120K, committed 79360K, reserved 1118208K
  class space    used 9953K, capacity 10688K, committed 10752K, reserved 1048576K
}
Event: 692.605 GC heap before
{Heap before GC invocations=28 (full 3):
 PSYoungGen      total 190976K, used 187120K [0x00000000e0000000, 0x00000000ecb80000, 0x0000000100000000)
  eden space 180736K, 100% used [0x00000000e0000000,0x00000000eb080000,0x00000000eb080000)
  from space 10240K, 62% used [0x00000000ec180000,0x00000000ec7bc010,0x00000000ecb80000)
  to   space 13824K, 0% used [0x00000000eb080000,0x00000000eb080000,0x00000000ebe00000)
 ParOldGen       total 99328K, used 66613K [0x00000000a0000000, 0x00000000a6100000, 0x00000000e0000000)
  object space 99328K, 67% used [0x00000000a0000000,0x00000000a410d408,0x00000000a6100000)
 Metaspace       used 76277K, capacity 80394K, committed 80512K, reserved 1118208K
  class space    used 10061K, capacity 10844K, committed 10880K, reserved 1048576K
Event: 692.628 GC heap after
Heap after GC invocations=28 (full 3):
 PSYoungGen      total 182272K, used 8164K [0x00000000e0000000, 0x00000000ec400000, 0x0000000100000000)
  eden space 174080K, 0% used [0x00000000e0000000,0x00000000e0000000,0x00000000eaa00000)
  from space 8192K, 99% used [0x00000000eb080000,0x00000000eb879348,0x00000000eb880000)
  to   space 11776K, 0% used [0x00000000eb880000,0x00000000eb880000,0x00000000ec400000)
 ParOldGen       total 99328K, used 66621K [0x00000000a0000000, 0x00000000a6100000, 0x00000000e0000000)
  object space 99328K, 67% used [0x00000000a0000000,0x00000000a410f408,0x00000000a6100000)
 Metaspace       used 76277K, capacity 80394K, committed 80512K, reserved 1118208K
  class space    used 10061K, capacity 10844K, committed 10880K, reserved 1048576K
}
Event: 744.050 GC heap before
{Heap before GC invocations=29 (full 3):
 PSYoungGen      total 182272K, used 182244K [0x00000000e0000000, 0x00000000ec400000, 0x0000000100000000)
  eden space 174080K, 100% used [0x00000000e0000000,0x00000000eaa00000,0x00000000eaa00000)
  from space 8192K, 99% used [0x00000000eb080000,0x00000000eb879348,0x00000000eb880000)
  to   space 11776K, 0% used [0x00000000eb880000,0x00000000eb880000,0x00000000ec400000)
 ParOldGen       total 99328K, used 66621K [0x00000000a0000000, 0x00000000a6100000, 0x00000000e0000000)
  object space 99328K, 67% used [0x00000000a0000000,0x00000000a410f408,0x00000000a6100000)
 Metaspace       used 76680K, capacity 81106K, committed 81408K, reserved 1120256K
  class space    used 10090K, capacity 10896K, committed 11008K, reserved 1048576K
Event: 744.057 GC heap after
Heap after GC invocations=29 (full 3):
 PSYoungGen      total 173568K, used 2304K [0x00000000e0000000, 0x00000000ebe80000, 0x0000000100000000)
  eden space 167424K, 0% used [0x00000000e0000000,0x00000000e0000000,0x00000000ea380000)
  from space 6144K, 37% used [0x00000000eb880000,0x00000000ebac0000,0x00000000ebe80000)
  to   space 13824K, 0% used [0x00000000ea380000,0x00000000ea380000,0x00000000eb100000)
 ParOldGen       total 99328K, used 66629K [0x00000000a0000000, 0x00000000a6100000, 0x00000000e0000000)
  object space 99328K, 67% used [0x00000000a0000000,0x00000000a4111408,0x00000000a6100000)
 Metaspace       used 76680K, capacity 81106K, committed 81408K, reserved 1120256K
  class space    used 10090K, capacity 10896K, committed 11008K, reserved 1048576K
}

